<?xml version="1.0" encoding="UTF-8"?>
<testsuite xmlns:xsi="http://www.w3.org/2001/XMLSchema-instance" xsi:noNamespaceSchemaLocation="https://maven.apache.org/surefire/maven-surefire-plugin/xsd/surefire-test-report.xsd" name="com.democompany.first_demo_project.AppTest" time="0.037" tests="1" errors="0" skipped="0" failures="0">
  <properties>
    <property name="java.specification.version" value="17"/>
    <property name="sun.cpu.isalist" value="amd64"/>
    <property name="sun.jnu.encoding" value="Cp1252"/>
    <property name="java.class.path" value="C:\Users\Rachakonda.Sainadh\Eprojects\first-demo-project\target\test-classes;C:\Users\Rachakonda.Sainadh\Eprojects\first-demo-project\target\classes;C:\Users\Rachakonda.Sainadh\.m2\repository\junit\junit\4.11\junit-4.11.jar;C:\Users\Rachakonda.Sainadh\.m2\repository\org\hamcrest\hamcrest-core\1.3\hamcrest-core-1.3.jar;"/>
    <property name="java.vm.vendor" value="Oracle Corporation"/>
    <property name="sun.arch.data.model" value="64"/>
    <property name="user.variant" value=""/>
    <property name="java.vendor.url" value="https://java.oracle.com/"/>
    <property name="user.timezone" value="Asia/Calcutta"/>
    <property name="os.name" value="Windows 10"/>
    <property name="java.vm.specification.version" value="17"/>
    <property name="sun.java.launcher" value="SUN_STANDARD"/>
    <property name="user.country" value="IN"/>
    <property name="sun.boot.library.path" value="C:\Program Files\Java\jdk-17.0.1\bin"/>
    <property name="sun.java.command" value="C:\Users\RACHAK~1.SAI\AppData\Local\Temp\surefire276037451803070743\surefirebooter12536954320439809505.jar C:\Users\Rachakonda.Sainadh\AppData\Local\Temp\surefire276037451803070743 2021-12-29T15-32-00_858-jvmRun1 surefire12475186786982501556tmp surefire_08813728003173092516tmp"/>
    <property name="jdk.debug" value="release"/>
    <property name="surefire.test.class.path" value="C:\Users\Rachakonda.Sainadh\Eprojects\first-demo-project\target\test-classes;C:\Users\Rachakonda.Sainadh\Eprojects\first-demo-project\target\classes;C:\Users\Rachakonda.Sainadh\.m2\repository\junit\junit\4.11\junit-4.11.jar;C:\Users\Rachakonda.Sainadh\.m2\repository\org\hamcrest\hamcrest-core\1.3\hamcrest-core-1.3.jar;"/>
    <property name="sun.cpu.endian" value="little"/>
    <property name="user.home" value="C:\Users\Rachakonda.Sainadh"/>
    <property name="user.language" value="en"/>
    <property name="java.specification.vendor" value="Oracle Corporation"/>
    <property name="java.version.date" value="2021-10-19"/>
    <property name="java.home" value="C:\Program Files\Java\jdk-17.0.1"/>
    <property name="file.separator" value="\"/>
    <property name="basedir" value="C:\Users\Rachakonda.Sainadh\Eprojects\first-demo-project"/>
    <property name="java.vm.compressedOopsMode" value="Zero based"/>
    <property name="line.separator" value="&#10;"/>
    <property name="java.vm.specification.vendor" value="Oracle Corporation"/>
    <property name="java.specification.name" value="Java Platform API Specification"/>
    <property name="surefire.real.class.path" value="C:\Users\RACHAK~1.SAI\AppData\Local\Temp\surefire276037451803070743\surefirebooter12536954320439809505.jar"/>
    <property name="user.script" value=""/>
    <property name="sun.management.compiler" value="HotSpot 64-Bit Tiered Compilers"/>
    <property name="java.runtime.version" value="17.0.1+12-LTS-39"/>
    <property name="user.name" value="Rachakonda.Sainadh"/>
    <property name="path.separator" value=";"/>
    <property name="os.version" value="10.0"/>
    <property name="java.runtime.name" value="Java(TM) SE Runtime Environment"/>
    <property name="file.encoding" value="Cp1252"/>
    <property name="java.vm.name" value="Java HotSpot(TM) 64-Bit Server VM"/>
    <property name="localRepository" value="C:\Users\Rachakonda.Sainadh\.m2\repository"/>
    <property name="java.vendor.url.bug" value="https://bugreport.java.com/bugreport/"/>
    <property name="java.io.tmpdir" value="C:\Users\RACHAK~1.SAI\AppData\Local\Temp\"/>
    <property name="java.version" value="17.0.1"/>
    <property name="user.dir" value="C:\Users\Rachakonda.Sainadh\Eprojects\first-demo-project"/>
    <property name="os.arch" value="amd64"/>
    <property name="java.vm.specification.name" value="Java Virtual Machine Specification"/>
    <property name="sun.os.patch.level" value=""/>
    <property name="native.encoding" value="Cp1252"/>
    <property name="java.library.path" value="C:\Program Files\Java\jdk-17.0.1\bin;C:\Windows\Sun\Java\bin;C:\Windows\system32;C:\Windows;C:/Program Files/Java/jdk-17.0.1/bin/server;C:/Program Files/Java/jdk-17.0.1/bin;C:/Users/RACHAK~1.SAI/AppData/Local/Temp/eoiBF0B.tmp//plugins/org.eclipse.justj.openjdk.hotspot.jre.minimal.stripped.win32.x86_64_17.0.1.v20211116-1657/jre/bin/server;C:/Users/RACHAK~1.SAI/AppData/Local/Temp/eoiBF0B.tmp//plugins/org.eclipse.justj.openjdk.hotspot.jre.minimal.stripped.win32.x86_64_17.0.1.v20211116-1657/jre/bin;C:\Program Files\Google\Chrome\Application;C:\Program Files\Common Files\Oracle\Java\javapath;C:\Program Files (x86)\Common Files\Oracle\Java\javapath;C:\Users\Rachakonda.Sainadh\Python310\Scripts\;C:\Users\Rachakonda.Sainadh\Python310\;C:\Windows\system32;C:\Windows;C:\Windows\System32\Wbem;C:\Windows\System32\WindowsPowerShell\v1.0\;C:\Windows\System32\OpenSSH\;C:\Program Files\PuTTY\;C:\Program Files\Docker\Docker\resources\bin;C:\ProgramData\DockerDesktop\version-bin:%PYTHON_HOME%;C:\Program Files\Java\jdk-17.0.1;C:\Users\Rachakonda.Sainadh\AppData\Local\Microsoft\WindowsApps;C:\Users\Rachakonda.Sainadh\AppData\Local\Programs\Microsoft VS Code\bin;C:\Users\Rachakonda.Sainadh\AppData\Local\Programs\Git\cmd;C:\Users\Rachakonda.Sainadh\Downloads;;C:\Users\Rachakonda.Sainadh\Downloads;;."/>
    <property name="java.vm.info" value="mixed mode, sharing"/>
    <property name="java.vendor" value="Oracle Corporation"/>
    <property name="java.vm.version" value="17.0.1+12-LTS-39"/>
    <property name="sun.io.unicode.encoding" value="UnicodeLittle"/>
    <property name="java.class.version" value="61.0"/>
  </properties>
  <testcase name="shouldAnswerWithTrue" classname="com.democompany.first_demo_project.AppTest" time="0.002"/>
</testsuite>